Error: Cannot find module './routes/pageConn'
Require stack:
- D:\PortFolio\Kartrider_api\app.js
    at Function.Module._resolveFilename (node:internal/modules/cjs/loader:919:15)
    at Module.Hook._require.Module.require (C:\Users\pen40\AppData\Roaming\npm\node_modules\pm2\node_modules\require-in-the-middle\index.js:61:29)
    at require (node:internal/modules/cjs/helpers:92:18)
    at Object.<anonymous> (D:\PortFolio\Kartrider_api\app.js:50:24)
    at Module._compile (node:internal/modules/cjs/loader:1102:14)
    at Object.Module._extensions..js (node:internal/modules/cjs/loader:1131:10)
    at Module.load (node:internal/modules/cjs/loader:967:32)
    at Function.Module._load (node:internal/modules/cjs/loader:807:14)
    at C:\Users\pen40\AppData\Roaming\npm\node_modules\pm2\lib\ProcessContainer.js:303:25
    at wrapper (C:\Users\pen40\AppData\Roaming\npm\node_modules\pm2\node_modules\async\internal\once.js:12:16)
Error: Cannot find module './routes/pageConn'
Require stack:
- D:\PortFolio\Kartrider_api\app.js
    at Function.Module._resolveFilename (node:internal/modules/cjs/loader:919:15)
    at Module.Hook._require.Module.require (C:\Users\pen40\AppData\Roaming\npm\node_modules\pm2\node_modules\require-in-the-middle\index.js:61:29)
    at require (node:internal/modules/cjs/helpers:92:18)
    at Object.<anonymous> (D:\PortFolio\Kartrider_api\app.js:50:24)
    at Module._compile (node:internal/modules/cjs/loader:1102:14)
    at Object.Module._extensions..js (node:internal/modules/cjs/loader:1131:10)
    at Module.load (node:internal/modules/cjs/loader:967:32)
    at Function.Module._load (node:internal/modules/cjs/loader:807:14)
    at C:\Users\pen40\AppData\Roaming\npm\node_modules\pm2\lib\ProcessContainer.js:303:25
    at wrapper (C:\Users\pen40\AppData\Roaming\npm\node_modules\pm2\node_modules\async\internal\once.js:12:16)
Error: Cannot find module './routes/pageConn'
Require stack:
- D:\PortFolio\Kartrider_api\app.js
    at Function.Module._resolveFilename (node:internal/modules/cjs/loader:919:15)
    at Module.Hook._require.Module.require (C:\Users\pen40\AppData\Roaming\npm\node_modules\pm2\node_modules\require-in-the-middle\index.js:61:29)
    at require (node:internal/modules/cjs/helpers:92:18)
    at Object.<anonymous> (D:\PortFolio\Kartrider_api\app.js:50:24)
    at Module._compile (node:internal/modules/cjs/loader:1102:14)
    at Object.Module._extensions..js (node:internal/modules/cjs/loader:1131:10)
    at Module.load (node:internal/modules/cjs/loader:967:32)
    at Function.Module._load (node:internal/modules/cjs/loader:807:14)
    at C:\Users\pen40\AppData\Roaming\npm\node_modules\pm2\lib\ProcessContainer.js:303:25
    at wrapper (C:\Users\pen40\AppData\Roaming\npm\node_modules\pm2\node_modules\async\internal\once.js:12:16)
Error: Cannot find module '../services/show'
Require stack:
- D:\PortFolio\Kartrider_api\routes\index.js
- D:\PortFolio\Kartrider_api\app.js
    at Function.Module._resolveFilename (node:internal/modules/cjs/loader:919:15)
    at Module.Hook._require.Module.require (C:\Users\pen40\AppData\Roaming\npm\node_modules\pm2\node_modules\require-in-the-middle\index.js:61:29)
    at require (node:internal/modules/cjs/helpers:92:18)
    at Object.<anonymous> (D:\PortFolio\Kartrider_api\routes\index.js:3:14)
    at Module._compile (node:internal/modules/cjs/loader:1102:14)
    at Object.Module._extensions..js (node:internal/modules/cjs/loader:1131:10)
    at Module.load (node:internal/modules/cjs/loader:967:32)
    at Function.Module._load (node:internal/modules/cjs/loader:807:14)
    at Module.require (node:internal/modules/cjs/loader:991:19)
    at Module.Hook._require.Module.require (C:\Users\pen40\AppData\Roaming\npm\node_modules\pm2\node_modules\require-in-the-middle\index.js:80:39)
Error: Cannot find module '../services/show'
Require stack:
- D:\PortFolio\Kartrider_api\routes\index.js
- D:\PortFolio\Kartrider_api\app.js
    at Function.Module._resolveFilename (node:internal/modules/cjs/loader:919:15)
    at Module.Hook._require.Module.require (C:\Users\pen40\AppData\Roaming\npm\node_modules\pm2\node_modules\require-in-the-middle\index.js:61:29)
    at require (node:internal/modules/cjs/helpers:92:18)
    at Object.<anonymous> (D:\PortFolio\Kartrider_api\routes\index.js:3:14)
    at Module._compile (node:internal/modules/cjs/loader:1102:14)
    at Object.Module._extensions..js (node:internal/modules/cjs/loader:1131:10)
    at Module.load (node:internal/modules/cjs/loader:967:32)
    at Function.Module._load (node:internal/modules/cjs/loader:807:14)
    at Module.require (node:internal/modules/cjs/loader:991:19)
    at Module.Hook._require.Module.require (C:\Users\pen40\AppData\Roaming\npm\node_modules\pm2\node_modules\require-in-the-middle\index.js:80:39)
Error: Cannot find module '../services/show'
Require stack:
- D:\PortFolio\Kartrider_api\routes\index.js
- D:\PortFolio\Kartrider_api\app.js
    at Function.Module._resolveFilename (node:internal/modules/cjs/loader:919:15)
    at Module.Hook._require.Module.require (C:\Users\pen40\AppData\Roaming\npm\node_modules\pm2\node_modules\require-in-the-middle\index.js:61:29)
    at require (node:internal/modules/cjs/helpers:92:18)
    at Object.<anonymous> (D:\PortFolio\Kartrider_api\routes\index.js:3:14)
    at Module._compile (node:internal/modules/cjs/loader:1102:14)
    at Object.Module._extensions..js (node:internal/modules/cjs/loader:1131:10)
    at Module.load (node:internal/modules/cjs/loader:967:32)
    at Function.Module._load (node:internal/modules/cjs/loader:807:14)
    at Module.require (node:internal/modules/cjs/loader:991:19)
    at Module.Hook._require.Module.require (C:\Users\pen40\AppData\Roaming\npm\node_modules\pm2\node_modules\require-in-the-middle\index.js:80:39)
D:\PortFolio\Kartrider_api\routes\userMatch.js:52
  const riderInfo = await userInfoService.getUserInfo(encodedUrl, config);
                    ^^^^^

SyntaxError: await is only valid in async functions and the top level bodies of modules
    at wrapSafe (node:internal/modules/cjs/loader:1018:16)
    at Module._compile (node:internal/modules/cjs/loader:1066:27)
    at Object.Module._extensions..js (node:internal/modules/cjs/loader:1131:10)
    at Module.load (node:internal/modules/cjs/loader:967:32)
    at Function.Module._load (node:internal/modules/cjs/loader:807:14)
    at Module.require (node:internal/modules/cjs/loader:991:19)
    at Module.Hook._require.Module.require (C:\Users\pen40\AppData\Roaming\npm\node_modules\pm2\node_modules\require-in-the-middle\index.js:80:39)
    at require (node:internal/modules/cjs/helpers:92:18)
    at Object.<anonymous> (D:\PortFolio\Kartrider_api\app.js:50:25)
    at Module._compile (node:internal/modules/cjs/loader:1102:14)
D:\PortFolio\Kartrider_api\routes\userMatch.js:52
  const riderInfo = await userInfoService.getUserInfo(encodedUrl, config);
                    ^^^^^

SyntaxError: await is only valid in async functions and the top level bodies of modules
    at wrapSafe (node:internal/modules/cjs/loader:1018:16)
    at Module._compile (node:internal/modules/cjs/loader:1066:27)
    at Object.Module._extensions..js (node:internal/modules/cjs/loader:1131:10)
    at Module.load (node:internal/modules/cjs/loader:967:32)
    at Function.Module._load (node:internal/modules/cjs/loader:807:14)
    at Module.require (node:internal/modules/cjs/loader:991:19)
    at Module.Hook._require.Module.require (C:\Users\pen40\AppData\Roaming\npm\node_modules\pm2\node_modules\require-in-the-middle\index.js:80:39)
    at require (node:internal/modules/cjs/helpers:92:18)
    at Object.<anonymous> (D:\PortFolio\Kartrider_api\app.js:50:25)
    at Module._compile (node:internal/modules/cjs/loader:1102:14)
D:\PortFolio\Kartrider_api\routes\userMatch.js:52
  const riderInfo = await userInfoService.getUserInfo(encodedUrl, config);
                    ^^^^^

SyntaxError: await is only valid in async functions and the top level bodies of modules
    at wrapSafe (node:internal/modules/cjs/loader:1018:16)
    at Module._compile (node:internal/modules/cjs/loader:1066:27)
    at Object.Module._extensions..js (node:internal/modules/cjs/loader:1131:10)
    at Module.load (node:internal/modules/cjs/loader:967:32)
    at Function.Module._load (node:internal/modules/cjs/loader:807:14)
    at Module.require (node:internal/modules/cjs/loader:991:19)
    at Module.Hook._require.Module.require (C:\Users\pen40\AppData\Roaming\npm\node_modules\pm2\node_modules\require-in-the-middle\index.js:80:39)
    at require (node:internal/modules/cjs/helpers:92:18)
    at Object.<anonymous> (D:\PortFolio\Kartrider_api\app.js:50:25)
    at Module._compile (node:internal/modules/cjs/loader:1102:14)
D:\PortFolio\Kartrider_api\routes\userMatch.js:52
  const riderInfo = await userInfoService.getUserInfo(encodedUrl, config);
                    ^^^^^

SyntaxError: await is only valid in async functions and the top level bodies of modules
    at wrapSafe (node:internal/modules/cjs/loader:1018:16)
    at Module._compile (node:internal/modules/cjs/loader:1066:27)
    at Object.Module._extensions..js (node:internal/modules/cjs/loader:1131:10)
    at Module.load (node:internal/modules/cjs/loader:967:32)
    at Function.Module._load (node:internal/modules/cjs/loader:807:14)
    at Module.require (node:internal/modules/cjs/loader:991:19)
    at Module.Hook._require.Module.require (C:\Users\pen40\AppData\Roaming\npm\node_modules\pm2\node_modules\require-in-the-middle\index.js:80:39)
    at require (node:internal/modules/cjs/helpers:92:18)
    at Object.<anonymous> (D:\PortFolio\Kartrider_api\app.js:50:25)
    at Module._compile (node:internal/modules/cjs/loader:1102:14)
D:\PortFolio\Kartrider_api\routes\userMatch.js:52
  const riderInfo = await userInfoService.getUserInfo(encodedUrl, config);
                    ^^^^^

SyntaxError: await is only valid in async functions and the top level bodies of modules
    at wrapSafe (node:internal/modules/cjs/loader:1018:16)
    at Module._compile (node:internal/modules/cjs/loader:1066:27)
    at Object.Module._extensions..js (node:internal/modules/cjs/loader:1131:10)
    at Module.load (node:internal/modules/cjs/loader:967:32)
    at Function.Module._load (node:internal/modules/cjs/loader:807:14)
    at Module.require (node:internal/modules/cjs/loader:991:19)
    at Module.Hook._require.Module.require (C:\Users\pen40\AppData\Roaming\npm\node_modules\pm2\node_modules\require-in-the-middle\index.js:80:39)
    at require (node:internal/modules/cjs/helpers:92:18)
    at Object.<anonymous> (D:\PortFolio\Kartrider_api\app.js:50:25)
    at Module._compile (node:internal/modules/cjs/loader:1102:14)
D:\PortFolio\Kartrider_api\routes\userMatch.js:52
  const riderInfo = await userInfoService.getUserInfo(encodedUrl, config);
                    ^^^^^

SyntaxError: await is only valid in async functions and the top level bodies of modules
    at wrapSafe (node:internal/modules/cjs/loader:1018:16)
    at Module._compile (node:internal/modules/cjs/loader:1066:27)
    at Object.Module._extensions..js (node:internal/modules/cjs/loader:1131:10)
    at Module.load (node:internal/modules/cjs/loader:967:32)
    at Function.Module._load (node:internal/modules/cjs/loader:807:14)
    at Module.require (node:internal/modules/cjs/loader:991:19)
    at Module.Hook._require.Module.require (C:\Users\pen40\AppData\Roaming\npm\node_modules\pm2\node_modules\require-in-the-middle\index.js:80:39)
    at require (node:internal/modules/cjs/helpers:92:18)
    at Object.<anonymous> (D:\PortFolio\Kartrider_api\app.js:50:25)
    at Module._compile (node:internal/modules/cjs/loader:1102:14)
D:\PortFolio\Kartrider_api\routes\userMatch.js:52
  const riderInfo = await userInfoService.getUserInfo(encodedUrl, config);
                    ^^^^^

SyntaxError: await is only valid in async functions and the top level bodies of modules
    at wrapSafe (node:internal/modules/cjs/loader:1018:16)
    at Module._compile (node:internal/modules/cjs/loader:1066:27)
    at Object.Module._extensions..js (node:internal/modules/cjs/loader:1131:10)
    at Module.load (node:internal/modules/cjs/loader:967:32)
    at Function.Module._load (node:internal/modules/cjs/loader:807:14)
    at Module.require (node:internal/modules/cjs/loader:991:19)
    at Module.Hook._require.Module.require (C:\Users\pen40\AppData\Roaming\npm\node_modules\pm2\node_modules\require-in-the-middle\index.js:80:39)
    at require (node:internal/modules/cjs/helpers:92:18)
    at Object.<anonymous> (D:\PortFolio\Kartrider_api\app.js:50:25)
    at Module._compile (node:internal/modules/cjs/loader:1102:14)
D:\PortFolio\Kartrider_api\routes\userMatch.js:52
  const riderInfo = await userInfoService.getUserInfo(encodedUrl, config);
                    ^^^^^

SyntaxError: await is only valid in async functions and the top level bodies of modules
    at wrapSafe (node:internal/modules/cjs/loader:1018:16)
    at Module._compile (node:internal/modules/cjs/loader:1066:27)
    at Object.Module._extensions..js (node:internal/modules/cjs/loader:1131:10)
    at Module.load (node:internal/modules/cjs/loader:967:32)
    at Function.Module._load (node:internal/modules/cjs/loader:807:14)
    at Module.require (node:internal/modules/cjs/loader:991:19)
    at Module.Hook._require.Module.require (C:\Users\pen40\AppData\Roaming\npm\node_modules\pm2\node_modules\require-in-the-middle\index.js:80:39)
    at require (node:internal/modules/cjs/helpers:92:18)
    at Object.<anonymous> (D:\PortFolio\Kartrider_api\app.js:50:25)
    at Module._compile (node:internal/modules/cjs/loader:1102:14)
D:\PortFolio\Kartrider_api\routes\userMatch.js:52
  const riderInfo = await userInfoService.getUserInfo(encodedUrl, config);
                    ^^^^^

SyntaxError: await is only valid in async functions and the top level bodies of modules
    at wrapSafe (node:internal/modules/cjs/loader:1018:16)
    at Module._compile (node:internal/modules/cjs/loader:1066:27)
    at Object.Module._extensions..js (node:internal/modules/cjs/loader:1131:10)
    at Module.load (node:internal/modules/cjs/loader:967:32)
    at Function.Module._load (node:internal/modules/cjs/loader:807:14)
    at Module.require (node:internal/modules/cjs/loader:991:19)
    at Module.Hook._require.Module.require (C:\Users\pen40\AppData\Roaming\npm\node_modules\pm2\node_modules\require-in-the-middle\index.js:80:39)
    at require (node:internal/modules/cjs/helpers:92:18)
    at Object.<anonymous> (D:\PortFolio\Kartrider_api\app.js:50:25)
    at Module._compile (node:internal/modules/cjs/loader:1102:14)
D:\PortFolio\Kartrider_api\routes\userMatch.js:52
  const riderInfo = await userInfoService.getUserInfo(encodedUrl, config);
                    ^^^^^

SyntaxError: await is only valid in async functions and the top level bodies of modules
    at wrapSafe (node:internal/modules/cjs/loader:1018:16)
    at Module._compile (node:internal/modules/cjs/loader:1066:27)
    at Object.Module._extensions..js (node:internal/modules/cjs/loader:1131:10)
    at Module.load (node:internal/modules/cjs/loader:967:32)
    at Function.Module._load (node:internal/modules/cjs/loader:807:14)
    at Module.require (node:internal/modules/cjs/loader:991:19)
    at Module.Hook._require.Module.require (C:\Users\pen40\AppData\Roaming\npm\node_modules\pm2\node_modules\require-in-the-middle\index.js:80:39)
    at require (node:internal/modules/cjs/helpers:92:18)
    at Object.<anonymous> (D:\PortFolio\Kartrider_api\app.js:50:25)
    at Module._compile (node:internal/modules/cjs/loader:1102:14)
D:\PortFolio\Kartrider_api\routes\userMatch.js:52
  const riderInfo = await userInfoService.getUserInfo(encodedUrl, config);
                    ^^^^^

SyntaxError: await is only valid in async functions and the top level bodies of modules
    at wrapSafe (node:internal/modules/cjs/loader:1018:16)
    at Module._compile (node:internal/modules/cjs/loader:1066:27)
    at Object.Module._extensions..js (node:internal/modules/cjs/loader:1131:10)
    at Module.load (node:internal/modules/cjs/loader:967:32)
    at Function.Module._load (node:internal/modules/cjs/loader:807:14)
    at Module.require (node:internal/modules/cjs/loader:991:19)
    at Module.Hook._require.Module.require (C:\Users\pen40\AppData\Roaming\npm\node_modules\pm2\node_modules\require-in-the-middle\index.js:80:39)
    at require (node:internal/modules/cjs/helpers:92:18)
    at Object.<anonymous> (D:\PortFolio\Kartrider_api\app.js:50:25)
    at Module._compile (node:internal/modules/cjs/loader:1102:14)
D:\PortFolio\Kartrider_api\routes\userMatch.js:52
  const riderInfo = await userInfoService.getUserInfo(encodedUrl, config);
                    ^^^^^

SyntaxError: await is only valid in async functions and the top level bodies of modules
    at wrapSafe (node:internal/modules/cjs/loader:1018:16)
    at Module._compile (node:internal/modules/cjs/loader:1066:27)
    at Object.Module._extensions..js (node:internal/modules/cjs/loader:1131:10)
    at Module.load (node:internal/modules/cjs/loader:967:32)
    at Function.Module._load (node:internal/modules/cjs/loader:807:14)
    at Module.require (node:internal/modules/cjs/loader:991:19)
    at Module.Hook._require.Module.require (C:\Users\pen40\AppData\Roaming\npm\node_modules\pm2\node_modules\require-in-the-middle\index.js:80:39)
    at require (node:internal/modules/cjs/helpers:92:18)
    at Object.<anonymous> (D:\PortFolio\Kartrider_api\app.js:50:25)
    at Module._compile (node:internal/modules/cjs/loader:1102:14)
You have triggered an unhandledRejection, you may have forgotten to catch a Promise rejection:
TypeError: object is not iterable (cannot read property Symbol(Symbol.iterator))
    at Function.fromEntries (<anonymous>)
    at D:\PortFolio\Kartrider_api\routes\userMatch.js:54:16
    at processTicksAndRejections (node:internal/process/task_queues:93:5)
2021-08-30 16:08 +09:00: ReferenceError: access_id is not defined
    at D:\PortFolio\Kartrider_api\routes\userMatch.js:78:58
    at Layer.handle [as handle_request] (D:\PortFolio\Kartrider_api\node_modules\express\lib\router\layer.js:95:5)
    at next (D:\PortFolio\Kartrider_api\node_modules\express\lib\router\route.js:137:13)
    at Route.dispatch (D:\PortFolio\Kartrider_api\node_modules\express\lib\router\route.js:112:3)
    at Layer.handle [as handle_request] (D:\PortFolio\Kartrider_api\node_modules\express\lib\router\layer.js:95:5)
    at D:\PortFolio\Kartrider_api\node_modules\express\lib\router\index.js:281:22
    at Function.process_params (D:\PortFolio\Kartrider_api\node_modules\express\lib\router\index.js:335:12)
    at next (D:\PortFolio\Kartrider_api\node_modules\express\lib\router\index.js:275:10)
    at next (D:\PortFolio\Kartrider_api\node_modules\express\lib\router\route.js:127:14)
    at D:\PortFolio\Kartrider_api\routes\userMatch.js:55:5
2021-08-30 16:08 +09:00: TypeError: Assignment to constant variable.
    at D:\PortFolio\Kartrider_api\routes\userMatch.js:70:12
    at Layer.handle [as handle_request] (D:\PortFolio\Kartrider_api\node_modules\express\lib\router\layer.js:95:5)
    at next (D:\PortFolio\Kartrider_api\node_modules\express\lib\router\route.js:137:13)
    at Route.dispatch (D:\PortFolio\Kartrider_api\node_modules\express\lib\router\route.js:112:3)
    at Layer.handle [as handle_request] (D:\PortFolio\Kartrider_api\node_modules\express\lib\router\layer.js:95:5)
    at D:\PortFolio\Kartrider_api\node_modules\express\lib\router\index.js:281:22
    at Function.process_params (D:\PortFolio\Kartrider_api\node_modules\express\lib\router\index.js:335:12)
    at next (D:\PortFolio\Kartrider_api\node_modules\express\lib\router\index.js:275:10)
    at next (D:\PortFolio\Kartrider_api\node_modules\express\lib\router\route.js:127:14)
    at D:\PortFolio\Kartrider_api\routes\userMatch.js:55:5
2021-08-30 16:08 +09:00: ReferenceError: options is not defined
    at D:\PortFolio\Kartrider_api\routes\userMatch.js:88:40
    at Layer.handle [as handle_request] (D:\PortFolio\Kartrider_api\node_modules\express\lib\router\layer.js:95:5)
    at next (D:\PortFolio\Kartrider_api\node_modules\express\lib\router\route.js:137:13)
    at Route.dispatch (D:\PortFolio\Kartrider_api\node_modules\express\lib\router\route.js:112:3)
    at Layer.handle [as handle_request] (D:\PortFolio\Kartrider_api\node_modules\express\lib\router\layer.js:95:5)
    at D:\PortFolio\Kartrider_api\node_modules\express\lib\router\index.js:281:22
    at Function.process_params (D:\PortFolio\Kartrider_api\node_modules\express\lib\router\index.js:335:12)
    at next (D:\PortFolio\Kartrider_api\node_modules\express\lib\router\index.js:275:10)
    at next (D:\PortFolio\Kartrider_api\node_modules\express\lib\router\route.js:127:14)
    at D:\PortFolio\Kartrider_api\routes\userMatch.js:57:5
ReferenceError: kartSdk is not defined
    at Object.<anonymous> (D:\PortFolio\Kartrider_api\configs\kartRiderSDK.js:5:22)
    at Module._compile (node:internal/modules/cjs/loader:1102:14)
    at Object.Module._extensions..js (node:internal/modules/cjs/loader:1131:10)
    at Module.load (node:internal/modules/cjs/loader:967:32)
    at Function.Module._load (node:internal/modules/cjs/loader:807:14)
    at Module.require (node:internal/modules/cjs/loader:991:19)
    at Module.Hook._require.Module.require (C:\Users\pen40\AppData\Roaming\npm\node_modules\pm2\node_modules\require-in-the-middle\index.js:80:39)
    at require (node:internal/modules/cjs/helpers:92:18)
    at Object.<anonymous> (D:\PortFolio\Kartrider_api\routes\userInfo.js:6:17)
    at Module._compile (node:internal/modules/cjs/loader:1102:14)
ReferenceError: kartSdk is not defined
    at Object.<anonymous> (D:\PortFolio\Kartrider_api\configs\kartRiderSDK.js:5:22)
    at Module._compile (node:internal/modules/cjs/loader:1102:14)
    at Object.Module._extensions..js (node:internal/modules/cjs/loader:1131:10)
    at Module.load (node:internal/modules/cjs/loader:967:32)
    at Function.Module._load (node:internal/modules/cjs/loader:807:14)
    at Module.require (node:internal/modules/cjs/loader:991:19)
    at Module.Hook._require.Module.require (C:\Users\pen40\AppData\Roaming\npm\node_modules\pm2\node_modules\require-in-the-middle\index.js:80:39)
    at require (node:internal/modules/cjs/helpers:92:18)
    at Object.<anonymous> (D:\PortFolio\Kartrider_api\routes\userInfo.js:6:17)
    at Module._compile (node:internal/modules/cjs/loader:1102:14)
ReferenceError: kartSdk is not defined
    at Object.<anonymous> (D:\PortFolio\Kartrider_api\configs\kartRiderSDK.js:5:22)
    at Module._compile (node:internal/modules/cjs/loader:1102:14)
    at Object.Module._extensions..js (node:internal/modules/cjs/loader:1131:10)
    at Module.load (node:internal/modules/cjs/loader:967:32)
    at Function.Module._load (node:internal/modules/cjs/loader:807:14)
    at Module.require (node:internal/modules/cjs/loader:991:19)
    at Module.Hook._require.Module.require (C:\Users\pen40\AppData\Roaming\npm\node_modules\pm2\node_modules\require-in-the-middle\index.js:80:39)
    at require (node:internal/modules/cjs/helpers:92:18)
    at Object.<anonymous> (D:\PortFolio\Kartrider_api\routes\userInfo.js:6:17)
    at Module._compile (node:internal/modules/cjs/loader:1102:14)
ReferenceError: kartSdk is not defined
    at Object.<anonymous> (D:\PortFolio\Kartrider_api\configs\kartRiderSDK.js:5:22)
    at Module._compile (node:internal/modules/cjs/loader:1102:14)
    at Object.Module._extensions..js (node:internal/modules/cjs/loader:1131:10)
    at Module.load (node:internal/modules/cjs/loader:967:32)
    at Function.Module._load (node:internal/modules/cjs/loader:807:14)
    at Module.require (node:internal/modules/cjs/loader:991:19)
    at Module.Hook._require.Module.require (C:\Users\pen40\AppData\Roaming\npm\node_modules\pm2\node_modules\require-in-the-middle\index.js:80:39)
    at require (node:internal/modules/cjs/helpers:92:18)
    at Object.<anonymous> (D:\PortFolio\Kartrider_api\routes\userInfo.js:6:17)
    at Module._compile (node:internal/modules/cjs/loader:1102:14)
ReferenceError: kartSdk is not defined
    at Object.<anonymous> (D:\PortFolio\Kartrider_api\configs\kartRiderSDK.js:5:22)
    at Module._compile (node:internal/modules/cjs/loader:1102:14)
    at Object.Module._extensions..js (node:internal/modules/cjs/loader:1131:10)
    at Module.load (node:internal/modules/cjs/loader:967:32)
    at Function.Module._load (node:internal/modules/cjs/loader:807:14)
    at Module.require (node:internal/modules/cjs/loader:991:19)
    at Module.Hook._require.Module.require (C:\Users\pen40\AppData\Roaming\npm\node_modules\pm2\node_modules\require-in-the-middle\index.js:80:39)
    at require (node:internal/modules/cjs/helpers:92:18)
    at Object.<anonymous> (D:\PortFolio\Kartrider_api\routes\userInfo.js:6:17)
    at Module._compile (node:internal/modules/cjs/loader:1102:14)
ReferenceError: kartSdk is not defined
    at Object.<anonymous> (D:\PortFolio\Kartrider_api\configs\kartRiderSDK.js:5:22)
    at Module._compile (node:internal/modules/cjs/loader:1102:14)
    at Object.Module._extensions..js (node:internal/modules/cjs/loader:1131:10)
    at Module.load (node:internal/modules/cjs/loader:967:32)
    at Function.Module._load (node:internal/modules/cjs/loader:807:14)
    at Module.require (node:internal/modules/cjs/loader:991:19)
    at Module.Hook._require.Module.require (C:\Users\pen40\AppData\Roaming\npm\node_modules\pm2\node_modules\require-in-the-middle\index.js:80:39)
    at require (node:internal/modules/cjs/helpers:92:18)
    at Object.<anonymous> (D:\PortFolio\Kartrider_api\routes\userInfo.js:6:17)
    at Module._compile (node:internal/modules/cjs/loader:1102:14)
ReferenceError: kartSdk is not defined
    at Object.<anonymous> (D:\PortFolio\Kartrider_api\configs\kartRiderSDK.js:5:22)
    at Module._compile (node:internal/modules/cjs/loader:1102:14)
    at Object.Module._extensions..js (node:internal/modules/cjs/loader:1131:10)
    at Module.load (node:internal/modules/cjs/loader:967:32)
    at Function.Module._load (node:internal/modules/cjs/loader:807:14)
    at Module.require (node:internal/modules/cjs/loader:991:19)
    at Module.Hook._require.Module.require (C:\Users\pen40\AppData\Roaming\npm\node_modules\pm2\node_modules\require-in-the-middle\index.js:80:39)
    at require (node:internal/modules/cjs/helpers:92:18)
    at Object.<anonymous> (D:\PortFolio\Kartrider_api\routes\userInfo.js:6:17)
    at Module._compile (node:internal/modules/cjs/loader:1102:14)
ReferenceError: key is not defined
    at Object.<anonymous> (D:\PortFolio\Kartrider_api\configs\kartRiderSDK.js:5:22)
    at Module._compile (node:internal/modules/cjs/loader:1102:14)
    at Object.Module._extensions..js (node:internal/modules/cjs/loader:1131:10)
    at Module.load (node:internal/modules/cjs/loader:967:32)
    at Function.Module._load (node:internal/modules/cjs/loader:807:14)
    at Module.require (node:internal/modules/cjs/loader:991:19)
    at Module.Hook._require.Module.require (C:\Users\pen40\AppData\Roaming\npm\node_modules\pm2\node_modules\require-in-the-middle\index.js:80:39)
    at require (node:internal/modules/cjs/helpers:92:18)
    at Object.<anonymous> (D:\PortFolio\Kartrider_api\routes\userInfo.js:6:17)
    at Module._compile (node:internal/modules/cjs/loader:1102:14)
ReferenceError: key is not defined
    at Object.<anonymous> (D:\PortFolio\Kartrider_api\configs\kartRiderSDK.js:5:22)
    at Module._compile (node:internal/modules/cjs/loader:1102:14)
    at Object.Module._extensions..js (node:internal/modules/cjs/loader:1131:10)
    at Module.load (node:internal/modules/cjs/loader:967:32)
    at Function.Module._load (node:internal/modules/cjs/loader:807:14)
    at Module.require (node:internal/modules/cjs/loader:991:19)
    at Module.Hook._require.Module.require (C:\Users\pen40\AppData\Roaming\npm\node_modules\pm2\node_modules\require-in-the-middle\index.js:80:39)
    at require (node:internal/modules/cjs/helpers:92:18)
    at Object.<anonymous> (D:\PortFolio\Kartrider_api\routes\userInfo.js:6:17)
    at Module._compile (node:internal/modules/cjs/loader:1102:14)
ReferenceError: kartSdk is not defined
    at Object.<anonymous> (D:\PortFolio\Kartrider_api\configs\kartRiderSDK.js:4:31)
    at Module._compile (node:internal/modules/cjs/loader:1102:14)
    at Object.Module._extensions..js (node:internal/modules/cjs/loader:1131:10)
    at Module.load (node:internal/modules/cjs/loader:967:32)
    at Function.Module._load (node:internal/modules/cjs/loader:807:14)
    at Module.require (node:internal/modules/cjs/loader:991:19)
    at Module.Hook._require.Module.require (C:\Users\pen40\AppData\Roaming\npm\node_modules\pm2\node_modules\require-in-the-middle\index.js:80:39)
    at require (node:internal/modules/cjs/helpers:92:18)
    at Object.<anonymous> (D:\PortFolio\Kartrider_api\routes\userInfo.js:6:17)
    at Module._compile (node:internal/modules/cjs/loader:1102:14)
ReferenceError: kartSdk is not defined
    at Object.<anonymous> (D:\PortFolio\Kartrider_api\configs\kartRiderSDK.js:4:31)
    at Module._compile (node:internal/modules/cjs/loader:1102:14)
    at Object.Module._extensions..js (node:internal/modules/cjs/loader:1131:10)
    at Module.load (node:internal/modules/cjs/loader:967:32)
    at Function.Module._load (node:internal/modules/cjs/loader:807:14)
    at Module.require (node:internal/modules/cjs/loader:991:19)
    at Module.Hook._require.Module.require (C:\Users\pen40\AppData\Roaming\npm\node_modules\pm2\node_modules\require-in-the-middle\index.js:80:39)
    at require (node:internal/modules/cjs/helpers:92:18)
    at Object.<anonymous> (D:\PortFolio\Kartrider_api\routes\userInfo.js:6:17)
    at Module._compile (node:internal/modules/cjs/loader:1102:14)
